app/build/intermediates/manifest_merge_blame_file/debug/manifest-merger-blame-debug-report.txt
1<?xml version="1.0" encoding="utf-8"?>
2<manifest xmlns:android="http://schemas.android.com/apk/res/android"
3    package="com.example.android.footballapp"
4    android:versionCode="1"
5    android:versionName="1.0" >
6
7    <uses-sdk
8        android:minSdkVersion="16"
8-->src\main\AndroidManifest.xml
9        android:targetSdkVersion="28" />
9-->src\main\AndroidManifest.xml
10
11    <uses-permission android:name="android.permission.INTERNET" />
11-->src\main\AndroidManifest.xml:5:5-66
11-->src\main\AndroidManifest.xml:5:22-64
12
13    <application
13-->src\main\AndroidManifest.xml:7:5-56:19
14        android:allowBackup="true"
14-->src\main\AndroidManifest.xml:8:9-35
15        android:appComponentFactory="androidx.core.app.CoreComponentFactory"
15-->[androidx.core:core:1.0.0] AndroidManifest.xml:22:18-86
16        android:debuggable="true"
17        android:icon="@mipmap/ic_launcher"
17-->src\main\AndroidManifest.xml:9:9-43
18        android:label="@string/app_name"
18-->src\main\AndroidManifest.xml:10:9-41
19        android:roundIcon="@mipmap/ic_launcher_round"
19-->src\main\AndroidManifest.xml:11:9-54
20        android:supportsRtl="true"
20-->src\main\AndroidManifest.xml:12:9-35
21        android:testOnly="true"
22        android:theme="@style/AppTheme" >
22-->src\main\AndroidManifest.xml:13:9-40
23        <meta-data
23-->src\main\AndroidManifest.xml:14:9-107
24            android:name="android.app.default_searchable"
24-->src\main\AndroidManifest.xml:14:20-65
25            android:value=".SearchResultsActivity" />
25-->src\main\AndroidManifest.xml:14:66-104
26
27        <activity
27-->src\main\AndroidManifest.xml:15:9-23:20
28            android:name="com.example.android.footballapp.MainActivity"
28-->src\main\AndroidManifest.xml:16:13-41
29            android:label="@string/app_name"
29-->src\main\AndroidManifest.xml:17:13-45
30            android:launchMode="singleTop" >
30-->src\main\AndroidManifest.xml:18:13-43
31            <intent-filter>
31-->src\main\AndroidManifest.xml:19:13-22:29
32                <action android:name="android.intent.action.MAIN" />
32-->src\main\AndroidManifest.xml:20:17-69
32-->src\main\AndroidManifest.xml:20:25-66
33
34                <category android:name="android.intent.category.LAUNCHER" />
34-->src\main\AndroidManifest.xml:21:17-77
34-->src\main\AndroidManifest.xml:21:27-74
35            </intent-filter>
36        </activity>
37        <activity
37-->src\main\AndroidManifest.xml:24:9-37:20
38            android:name="com.example.android.footballapp.SearchResultsActivity"
38-->src\main\AndroidManifest.xml:24:19-56
39            android:label="Search Results" >
39-->src\main\AndroidManifest.xml:25:13-43
40            <intent-filter>
40-->src\main\AndroidManifest.xml:26:13-28:29
41                <action android:name="android.intent.action.SEARCH" />
41-->src\main\AndroidManifest.xml:27:17-71
41-->src\main\AndroidManifest.xml:27:25-68
42            </intent-filter>
43            <intent-filter>
43-->src\main\AndroidManifest.xml:29:13-31:29
44                <action android:name="android.intent.action.VIEW" />
44-->src\main\AndroidManifest.xml:30:17-69
44-->src\main\AndroidManifest.xml:30:25-66
45            </intent-filter>
46
47            <meta-data
47-->src\main\AndroidManifest.xml:32:13-34:54
48                android:name="android.app.searchable"
48-->src\main\AndroidManifest.xml:33:17-54
49                android:resource="@xml/searchable" />
49-->src\main\AndroidManifest.xml:34:17-51
50            <meta-data
50-->src\main\AndroidManifest.xml:35:13-36:48
51                android:name="android.support.PARENT_ACTIVITY"
51-->src\main\AndroidManifest.xml:35:24-70
52                android:value=".MainActivity" />
52-->src\main\AndroidManifest.xml:36:17-46
53        </activity>
54        <activity
54-->src\main\AndroidManifest.xml:38:9-43:20
55            android:name="com.example.android.footballapp.MatchesDetailsActivity"
55-->src\main\AndroidManifest.xml:38:19-57
56            android:label="Match Detail"
56-->src\main\AndroidManifest.xml:39:13-41
57            android:launchMode="singleTop" >
57-->src\main\AndroidManifest.xml:40:13-43
58            <meta-data
58-->src\main\AndroidManifest.xml:35:13-36:48
59                android:name="android.support.PARENT_ACTIVITY"
59-->src\main\AndroidManifest.xml:35:24-70
60                android:value=".MainActivity" />
60-->src\main\AndroidManifest.xml:36:17-46
61        </activity>
62        <activity
62-->src\main\AndroidManifest.xml:44:9-49:20
63            android:name="com.example.android.footballapp.TeamsDetailsActivity"
63-->src\main\AndroidManifest.xml:44:19-55
64            android:label="Team Details"
64-->src\main\AndroidManifest.xml:45:13-41
65            android:launchMode="singleTop" >
65-->src\main\AndroidManifest.xml:46:13-43
66            <meta-data
66-->src\main\AndroidManifest.xml:35:13-36:48
67                android:name="android.support.PARENT_ACTIVITY"
67-->src\main\AndroidManifest.xml:35:24-70
68                android:value=".MainActivity" />
68-->src\main\AndroidManifest.xml:36:17-46
69        </activity>
70        <activity
70-->src\main\AndroidManifest.xml:50:9-55:20
71            android:name="com.example.android.footballapp.PlayerDetailsActivity"
71-->src\main\AndroidManifest.xml:50:19-56
72            android:label="Player Details"
72-->src\main\AndroidManifest.xml:51:13-43
73            android:launchMode="singleTop" >
73-->src\main\AndroidManifest.xml:52:13-43
74            <meta-data
74-->src\main\AndroidManifest.xml:35:13-36:48
75                android:name="android.support.PARENT_ACTIVITY"
75-->src\main\AndroidManifest.xml:35:24-70
76                android:value=".TeamsDetailsActivity" />
76-->src\main\AndroidManifest.xml:36:17-46
77        </activity>
78
79        <provider
79-->[com.squareup.picasso:picasso:2.71828] AndroidManifest.xml:8:9-11:40
80            android:name="com.squareup.picasso.PicassoProvider"
80-->[com.squareup.picasso:picasso:2.71828] AndroidManifest.xml:9:13-64
81            android:authorities="com.example.android.footballapp.com.squareup.picasso"
81-->[com.squareup.picasso:picasso:2.71828] AndroidManifest.xml:10:13-72
82            android:exported="false" />
82-->[com.squareup.picasso:picasso:2.71828] AndroidManifest.xml:11:13-37
83    </application>
84
85</manifest>